Symlinking /home/ywishahy/UBCOpenRobotics/arm/devel/include/arm_control/ArmCommandFeedback.h
Symlinking /home/ywishahy/UBCOpenRobotics/arm/devel/include/arm_control/ArmCommandResult.h
Symlinking /home/ywishahy/UBCOpenRobotics/arm/devel/include/arm_control/ArmCommandAction.h
Symlinking /home/ywishahy/UBCOpenRobotics/arm/devel/include/arm_control/ArmCommandGoal.h
Symlinking /home/ywishahy/UBCOpenRobotics/arm/devel/include/arm_control/ArmCommandActionGoal.h
Symlinking /home/ywishahy/UBCOpenRobotics/arm/devel/include/arm_control/ArmCommandActionResult.h
Symlinking /home/ywishahy/UBCOpenRobotics/arm/devel/include/arm_control/ArmCommandActionFeedback.h
Symlinking /home/ywishahy/UBCOpenRobotics/arm/devel/lib/python3/dist-packages/arm_control/__init__.py
Symlinking /home/ywishahy/UBCOpenRobotics/arm/devel/lib/python3/dist-packages/arm_control/msg/_ArmCommandResult.py
Symlinking /home/ywishahy/UBCOpenRobotics/arm/devel/lib/python3/dist-packages/arm_control/msg/_ArmCommandActionResult.py
Symlinking /home/ywishahy/UBCOpenRobotics/arm/devel/lib/python3/dist-packages/arm_control/msg/_ArmCommandFeedback.py
Symlinking /home/ywishahy/UBCOpenRobotics/arm/devel/lib/python3/dist-packages/arm_control/msg/_ArmCommandActionGoal.py
Symlinking /home/ywishahy/UBCOpenRobotics/arm/devel/lib/python3/dist-packages/arm_control/msg/_ArmCommandAction.py
Symlinking /home/ywishahy/UBCOpenRobotics/arm/devel/lib/python3/dist-packages/arm_control/msg/_ArmCommandGoal.py
Symlinking /home/ywishahy/UBCOpenRobotics/arm/devel/lib/python3/dist-packages/arm_control/msg/_ArmCommandActionFeedback.py
Symlinking /home/ywishahy/UBCOpenRobotics/arm/devel/lib/python3/dist-packages/arm_control/msg/__init__.py
Symlinking /home/ywishahy/UBCOpenRobotics/arm/devel/lib/pkgconfig/arm_control.pc
Symlinking /home/ywishahy/UBCOpenRobotics/arm/devel/share/arm_control/cmake/arm_control-msg-extras.cmake
Symlinking /home/ywishahy/UBCOpenRobotics/arm/devel/share/arm_control/cmake/arm_control-msg-paths.cmake
Symlinking /home/ywishahy/UBCOpenRobotics/arm/devel/share/arm_control/cmake/arm_controlConfig-version.cmake
Symlinking /home/ywishahy/UBCOpenRobotics/arm/devel/share/arm_control/cmake/arm_controlConfig.cmake
Symlinking /home/ywishahy/UBCOpenRobotics/arm/devel/share/arm_control/msg/ArmCommandActionFeedback.msg
Symlinking /home/ywishahy/UBCOpenRobotics/arm/devel/share/arm_control/msg/ArmCommandActionGoal.msg
Symlinking /home/ywishahy/UBCOpenRobotics/arm/devel/share/arm_control/msg/ArmCommandFeedback.msg
Symlinking /home/ywishahy/UBCOpenRobotics/arm/devel/share/arm_control/msg/ArmCommandActionResult.msg
Symlinking /home/ywishahy/UBCOpenRobotics/arm/devel/share/arm_control/msg/ArmCommandResult.msg
Symlinking /home/ywishahy/UBCOpenRobotics/arm/devel/share/arm_control/msg/ArmCommandAction.msg
Symlinking /home/ywishahy/UBCOpenRobotics/arm/devel/share/arm_control/msg/ArmCommandGoal.msg
Symlinking /home/ywishahy/UBCOpenRobotics/arm/devel/share/gennodejs/ros/arm_control/_index.js
Symlinking /home/ywishahy/UBCOpenRobotics/arm/devel/share/gennodejs/ros/arm_control/msg/ArmCommandAction.js
Symlinking /home/ywishahy/UBCOpenRobotics/arm/devel/share/gennodejs/ros/arm_control/msg/ArmCommandGoal.js
Symlinking /home/ywishahy/UBCOpenRobotics/arm/devel/share/gennodejs/ros/arm_control/msg/_index.js
Symlinking /home/ywishahy/UBCOpenRobotics/arm/devel/share/gennodejs/ros/arm_control/msg/ArmCommandActionGoal.js
Symlinking /home/ywishahy/UBCOpenRobotics/arm/devel/share/gennodejs/ros/arm_control/msg/ArmCommandActionResult.js
Symlinking /home/ywishahy/UBCOpenRobotics/arm/devel/share/gennodejs/ros/arm_control/msg/ArmCommandFeedback.js
Symlinking /home/ywishahy/UBCOpenRobotics/arm/devel/share/gennodejs/ros/arm_control/msg/ArmCommandActionFeedback.js
Symlinking /home/ywishahy/UBCOpenRobotics/arm/devel/share/gennodejs/ros/arm_control/msg/ArmCommandResult.js
Symlinking /home/ywishahy/UBCOpenRobotics/arm/devel/share/common-lisp/ros/arm_control/msg/ArmCommandFeedback.lisp
Symlinking /home/ywishahy/UBCOpenRobotics/arm/devel/share/common-lisp/ros/arm_control/msg/_package_ArmCommandAction.lisp
Symlinking /home/ywishahy/UBCOpenRobotics/arm/devel/share/common-lisp/ros/arm_control/msg/ArmCommandGoal.lisp
Symlinking /home/ywishahy/UBCOpenRobotics/arm/devel/share/common-lisp/ros/arm_control/msg/_package.lisp
Symlinking /home/ywishahy/UBCOpenRobotics/arm/devel/share/common-lisp/ros/arm_control/msg/_package_ArmCommandActionResult.lisp
Symlinking /home/ywishahy/UBCOpenRobotics/arm/devel/share/common-lisp/ros/arm_control/msg/_package_ArmCommandResult.lisp
Symlinking /home/ywishahy/UBCOpenRobotics/arm/devel/share/common-lisp/ros/arm_control/msg/ArmCommandActionGoal.lisp
Symlinking /home/ywishahy/UBCOpenRobotics/arm/devel/share/common-lisp/ros/arm_control/msg/arm_control-msg.asd
Symlinking /home/ywishahy/UBCOpenRobotics/arm/devel/share/common-lisp/ros/arm_control/msg/_package_ArmCommandActionGoal.lisp
Symlinking /home/ywishahy/UBCOpenRobotics/arm/devel/share/common-lisp/ros/arm_control/msg/ArmCommandAction.lisp
Symlinking /home/ywishahy/UBCOpenRobotics/arm/devel/share/common-lisp/ros/arm_control/msg/ArmCommandResult.lisp
Symlinking /home/ywishahy/UBCOpenRobotics/arm/devel/share/common-lisp/ros/arm_control/msg/ArmCommandActionFeedback.lisp
Symlinking /home/ywishahy/UBCOpenRobotics/arm/devel/share/common-lisp/ros/arm_control/msg/_package_ArmCommandActionFeedback.lisp
Symlinking /home/ywishahy/UBCOpenRobotics/arm/devel/share/common-lisp/ros/arm_control/msg/_package_ArmCommandGoal.lisp
Symlinking /home/ywishahy/UBCOpenRobotics/arm/devel/share/common-lisp/ros/arm_control/msg/_package_ArmCommandFeedback.lisp
Symlinking /home/ywishahy/UBCOpenRobotics/arm/devel/share/common-lisp/ros/arm_control/msg/ArmCommandActionResult.lisp
Symlinking /home/ywishahy/UBCOpenRobotics/arm/devel/share/roseus/ros/arm_control/manifest.l
Symlinking /home/ywishahy/UBCOpenRobotics/arm/devel/share/roseus/ros/arm_control/msg/ArmCommandAction.l
Symlinking /home/ywishahy/UBCOpenRobotics/arm/devel/share/roseus/ros/arm_control/msg/ArmCommandActionResult.l
Symlinking /home/ywishahy/UBCOpenRobotics/arm/devel/share/roseus/ros/arm_control/msg/ArmCommandResult.l
Symlinking /home/ywishahy/UBCOpenRobotics/arm/devel/share/roseus/ros/arm_control/msg/ArmCommandGoal.l
Symlinking /home/ywishahy/UBCOpenRobotics/arm/devel/share/roseus/ros/arm_control/msg/ArmCommandActionFeedback.l
Symlinking /home/ywishahy/UBCOpenRobotics/arm/devel/share/roseus/ros/arm_control/msg/ArmCommandFeedback.l
Symlinking /home/ywishahy/UBCOpenRobotics/arm/devel/share/roseus/ros/arm_control/msg/ArmCommandActionGoal.l
