Linked: (/home/ywishahy/UBCOpenRobotics/arm/devel/.private/arm_control/include/arm_control/ArmCommandFeedback.h, /home/ywishahy/UBCOpenRobotics/arm/devel/include/arm_control/ArmCommandFeedback.h)
Linked: (/home/ywishahy/UBCOpenRobotics/arm/devel/.private/arm_control/include/arm_control/ArmCommandResult.h, /home/ywishahy/UBCOpenRobotics/arm/devel/include/arm_control/ArmCommandResult.h)
Linked: (/home/ywishahy/UBCOpenRobotics/arm/devel/.private/arm_control/include/arm_control/ArmCommandAction.h, /home/ywishahy/UBCOpenRobotics/arm/devel/include/arm_control/ArmCommandAction.h)
Linked: (/home/ywishahy/UBCOpenRobotics/arm/devel/.private/arm_control/include/arm_control/ArmCommandGoal.h, /home/ywishahy/UBCOpenRobotics/arm/devel/include/arm_control/ArmCommandGoal.h)
Linked: (/home/ywishahy/UBCOpenRobotics/arm/devel/.private/arm_control/include/arm_control/ArmCommandActionGoal.h, /home/ywishahy/UBCOpenRobotics/arm/devel/include/arm_control/ArmCommandActionGoal.h)
Linked: (/home/ywishahy/UBCOpenRobotics/arm/devel/.private/arm_control/include/arm_control/ArmCommandActionResult.h, /home/ywishahy/UBCOpenRobotics/arm/devel/include/arm_control/ArmCommandActionResult.h)
Linked: (/home/ywishahy/UBCOpenRobotics/arm/devel/.private/arm_control/include/arm_control/ArmCommandActionFeedback.h, /home/ywishahy/UBCOpenRobotics/arm/devel/include/arm_control/ArmCommandActionFeedback.h)
Linked: (/home/ywishahy/UBCOpenRobotics/arm/devel/.private/arm_control/lib/python3/dist-packages/arm_control/__init__.py, /home/ywishahy/UBCOpenRobotics/arm/devel/lib/python3/dist-packages/arm_control/__init__.py)
Linked: (/home/ywishahy/UBCOpenRobotics/arm/devel/.private/arm_control/lib/python3/dist-packages/arm_control/msg/_ArmCommandResult.py, /home/ywishahy/UBCOpenRobotics/arm/devel/lib/python3/dist-packages/arm_control/msg/_ArmCommandResult.py)
Linked: (/home/ywishahy/UBCOpenRobotics/arm/devel/.private/arm_control/lib/python3/dist-packages/arm_control/msg/_ArmCommandActionResult.py, /home/ywishahy/UBCOpenRobotics/arm/devel/lib/python3/dist-packages/arm_control/msg/_ArmCommandActionResult.py)
Linked: (/home/ywishahy/UBCOpenRobotics/arm/devel/.private/arm_control/lib/python3/dist-packages/arm_control/msg/_ArmCommandFeedback.py, /home/ywishahy/UBCOpenRobotics/arm/devel/lib/python3/dist-packages/arm_control/msg/_ArmCommandFeedback.py)
Linked: (/home/ywishahy/UBCOpenRobotics/arm/devel/.private/arm_control/lib/python3/dist-packages/arm_control/msg/_ArmCommandActionGoal.py, /home/ywishahy/UBCOpenRobotics/arm/devel/lib/python3/dist-packages/arm_control/msg/_ArmCommandActionGoal.py)
Linked: (/home/ywishahy/UBCOpenRobotics/arm/devel/.private/arm_control/lib/python3/dist-packages/arm_control/msg/_ArmCommandAction.py, /home/ywishahy/UBCOpenRobotics/arm/devel/lib/python3/dist-packages/arm_control/msg/_ArmCommandAction.py)
Linked: (/home/ywishahy/UBCOpenRobotics/arm/devel/.private/arm_control/lib/python3/dist-packages/arm_control/msg/_ArmCommandGoal.py, /home/ywishahy/UBCOpenRobotics/arm/devel/lib/python3/dist-packages/arm_control/msg/_ArmCommandGoal.py)
Linked: (/home/ywishahy/UBCOpenRobotics/arm/devel/.private/arm_control/lib/python3/dist-packages/arm_control/msg/_ArmCommandActionFeedback.py, /home/ywishahy/UBCOpenRobotics/arm/devel/lib/python3/dist-packages/arm_control/msg/_ArmCommandActionFeedback.py)
Linked: (/home/ywishahy/UBCOpenRobotics/arm/devel/.private/arm_control/lib/python3/dist-packages/arm_control/msg/__init__.py, /home/ywishahy/UBCOpenRobotics/arm/devel/lib/python3/dist-packages/arm_control/msg/__init__.py)
Linked: (/home/ywishahy/UBCOpenRobotics/arm/devel/.private/arm_control/lib/pkgconfig/arm_control.pc, /home/ywishahy/UBCOpenRobotics/arm/devel/lib/pkgconfig/arm_control.pc)
Linked: (/home/ywishahy/UBCOpenRobotics/arm/devel/.private/arm_control/share/arm_control/cmake/arm_control-msg-extras.cmake, /home/ywishahy/UBCOpenRobotics/arm/devel/share/arm_control/cmake/arm_control-msg-extras.cmake)
Linked: (/home/ywishahy/UBCOpenRobotics/arm/devel/.private/arm_control/share/arm_control/cmake/arm_control-msg-paths.cmake, /home/ywishahy/UBCOpenRobotics/arm/devel/share/arm_control/cmake/arm_control-msg-paths.cmake)
Linked: (/home/ywishahy/UBCOpenRobotics/arm/devel/.private/arm_control/share/arm_control/cmake/arm_controlConfig-version.cmake, /home/ywishahy/UBCOpenRobotics/arm/devel/share/arm_control/cmake/arm_controlConfig-version.cmake)
Linked: (/home/ywishahy/UBCOpenRobotics/arm/devel/.private/arm_control/share/arm_control/cmake/arm_controlConfig.cmake, /home/ywishahy/UBCOpenRobotics/arm/devel/share/arm_control/cmake/arm_controlConfig.cmake)
Linked: (/home/ywishahy/UBCOpenRobotics/arm/devel/.private/arm_control/share/arm_control/msg/ArmCommandActionFeedback.msg, /home/ywishahy/UBCOpenRobotics/arm/devel/share/arm_control/msg/ArmCommandActionFeedback.msg)
Linked: (/home/ywishahy/UBCOpenRobotics/arm/devel/.private/arm_control/share/arm_control/msg/ArmCommandActionGoal.msg, /home/ywishahy/UBCOpenRobotics/arm/devel/share/arm_control/msg/ArmCommandActionGoal.msg)
Linked: (/home/ywishahy/UBCOpenRobotics/arm/devel/.private/arm_control/share/arm_control/msg/ArmCommandFeedback.msg, /home/ywishahy/UBCOpenRobotics/arm/devel/share/arm_control/msg/ArmCommandFeedback.msg)
Linked: (/home/ywishahy/UBCOpenRobotics/arm/devel/.private/arm_control/share/arm_control/msg/ArmCommandActionResult.msg, /home/ywishahy/UBCOpenRobotics/arm/devel/share/arm_control/msg/ArmCommandActionResult.msg)
Linked: (/home/ywishahy/UBCOpenRobotics/arm/devel/.private/arm_control/share/arm_control/msg/ArmCommandResult.msg, /home/ywishahy/UBCOpenRobotics/arm/devel/share/arm_control/msg/ArmCommandResult.msg)
Linked: (/home/ywishahy/UBCOpenRobotics/arm/devel/.private/arm_control/share/arm_control/msg/ArmCommandAction.msg, /home/ywishahy/UBCOpenRobotics/arm/devel/share/arm_control/msg/ArmCommandAction.msg)
Linked: (/home/ywishahy/UBCOpenRobotics/arm/devel/.private/arm_control/share/arm_control/msg/ArmCommandGoal.msg, /home/ywishahy/UBCOpenRobotics/arm/devel/share/arm_control/msg/ArmCommandGoal.msg)
Linked: (/home/ywishahy/UBCOpenRobotics/arm/devel/.private/arm_control/share/gennodejs/ros/arm_control/_index.js, /home/ywishahy/UBCOpenRobotics/arm/devel/share/gennodejs/ros/arm_control/_index.js)
Linked: (/home/ywishahy/UBCOpenRobotics/arm/devel/.private/arm_control/share/gennodejs/ros/arm_control/msg/ArmCommandAction.js, /home/ywishahy/UBCOpenRobotics/arm/devel/share/gennodejs/ros/arm_control/msg/ArmCommandAction.js)
Linked: (/home/ywishahy/UBCOpenRobotics/arm/devel/.private/arm_control/share/gennodejs/ros/arm_control/msg/ArmCommandGoal.js, /home/ywishahy/UBCOpenRobotics/arm/devel/share/gennodejs/ros/arm_control/msg/ArmCommandGoal.js)
Linked: (/home/ywishahy/UBCOpenRobotics/arm/devel/.private/arm_control/share/gennodejs/ros/arm_control/msg/_index.js, /home/ywishahy/UBCOpenRobotics/arm/devel/share/gennodejs/ros/arm_control/msg/_index.js)
Linked: (/home/ywishahy/UBCOpenRobotics/arm/devel/.private/arm_control/share/gennodejs/ros/arm_control/msg/ArmCommandActionGoal.js, /home/ywishahy/UBCOpenRobotics/arm/devel/share/gennodejs/ros/arm_control/msg/ArmCommandActionGoal.js)
Linked: (/home/ywishahy/UBCOpenRobotics/arm/devel/.private/arm_control/share/gennodejs/ros/arm_control/msg/ArmCommandActionResult.js, /home/ywishahy/UBCOpenRobotics/arm/devel/share/gennodejs/ros/arm_control/msg/ArmCommandActionResult.js)
Linked: (/home/ywishahy/UBCOpenRobotics/arm/devel/.private/arm_control/share/gennodejs/ros/arm_control/msg/ArmCommandFeedback.js, /home/ywishahy/UBCOpenRobotics/arm/devel/share/gennodejs/ros/arm_control/msg/ArmCommandFeedback.js)
Linked: (/home/ywishahy/UBCOpenRobotics/arm/devel/.private/arm_control/share/gennodejs/ros/arm_control/msg/ArmCommandActionFeedback.js, /home/ywishahy/UBCOpenRobotics/arm/devel/share/gennodejs/ros/arm_control/msg/ArmCommandActionFeedback.js)
Linked: (/home/ywishahy/UBCOpenRobotics/arm/devel/.private/arm_control/share/gennodejs/ros/arm_control/msg/ArmCommandResult.js, /home/ywishahy/UBCOpenRobotics/arm/devel/share/gennodejs/ros/arm_control/msg/ArmCommandResult.js)
Linked: (/home/ywishahy/UBCOpenRobotics/arm/devel/.private/arm_control/share/common-lisp/ros/arm_control/msg/ArmCommandFeedback.lisp, /home/ywishahy/UBCOpenRobotics/arm/devel/share/common-lisp/ros/arm_control/msg/ArmCommandFeedback.lisp)
Linked: (/home/ywishahy/UBCOpenRobotics/arm/devel/.private/arm_control/share/common-lisp/ros/arm_control/msg/_package_ArmCommandAction.lisp, /home/ywishahy/UBCOpenRobotics/arm/devel/share/common-lisp/ros/arm_control/msg/_package_ArmCommandAction.lisp)
Linked: (/home/ywishahy/UBCOpenRobotics/arm/devel/.private/arm_control/share/common-lisp/ros/arm_control/msg/ArmCommandGoal.lisp, /home/ywishahy/UBCOpenRobotics/arm/devel/share/common-lisp/ros/arm_control/msg/ArmCommandGoal.lisp)
Linked: (/home/ywishahy/UBCOpenRobotics/arm/devel/.private/arm_control/share/common-lisp/ros/arm_control/msg/_package.lisp, /home/ywishahy/UBCOpenRobotics/arm/devel/share/common-lisp/ros/arm_control/msg/_package.lisp)
Linked: (/home/ywishahy/UBCOpenRobotics/arm/devel/.private/arm_control/share/common-lisp/ros/arm_control/msg/_package_ArmCommandActionResult.lisp, /home/ywishahy/UBCOpenRobotics/arm/devel/share/common-lisp/ros/arm_control/msg/_package_ArmCommandActionResult.lisp)
Linked: (/home/ywishahy/UBCOpenRobotics/arm/devel/.private/arm_control/share/common-lisp/ros/arm_control/msg/_package_ArmCommandResult.lisp, /home/ywishahy/UBCOpenRobotics/arm/devel/share/common-lisp/ros/arm_control/msg/_package_ArmCommandResult.lisp)
Linked: (/home/ywishahy/UBCOpenRobotics/arm/devel/.private/arm_control/share/common-lisp/ros/arm_control/msg/ArmCommandActionGoal.lisp, /home/ywishahy/UBCOpenRobotics/arm/devel/share/common-lisp/ros/arm_control/msg/ArmCommandActionGoal.lisp)
Linked: (/home/ywishahy/UBCOpenRobotics/arm/devel/.private/arm_control/share/common-lisp/ros/arm_control/msg/arm_control-msg.asd, /home/ywishahy/UBCOpenRobotics/arm/devel/share/common-lisp/ros/arm_control/msg/arm_control-msg.asd)
Linked: (/home/ywishahy/UBCOpenRobotics/arm/devel/.private/arm_control/share/common-lisp/ros/arm_control/msg/_package_ArmCommandActionGoal.lisp, /home/ywishahy/UBCOpenRobotics/arm/devel/share/common-lisp/ros/arm_control/msg/_package_ArmCommandActionGoal.lisp)
Linked: (/home/ywishahy/UBCOpenRobotics/arm/devel/.private/arm_control/share/common-lisp/ros/arm_control/msg/ArmCommandAction.lisp, /home/ywishahy/UBCOpenRobotics/arm/devel/share/common-lisp/ros/arm_control/msg/ArmCommandAction.lisp)
Linked: (/home/ywishahy/UBCOpenRobotics/arm/devel/.private/arm_control/share/common-lisp/ros/arm_control/msg/ArmCommandResult.lisp, /home/ywishahy/UBCOpenRobotics/arm/devel/share/common-lisp/ros/arm_control/msg/ArmCommandResult.lisp)
Linked: (/home/ywishahy/UBCOpenRobotics/arm/devel/.private/arm_control/share/common-lisp/ros/arm_control/msg/ArmCommandActionFeedback.lisp, /home/ywishahy/UBCOpenRobotics/arm/devel/share/common-lisp/ros/arm_control/msg/ArmCommandActionFeedback.lisp)
Linked: (/home/ywishahy/UBCOpenRobotics/arm/devel/.private/arm_control/share/common-lisp/ros/arm_control/msg/_package_ArmCommandActionFeedback.lisp, /home/ywishahy/UBCOpenRobotics/arm/devel/share/common-lisp/ros/arm_control/msg/_package_ArmCommandActionFeedback.lisp)
Linked: (/home/ywishahy/UBCOpenRobotics/arm/devel/.private/arm_control/share/common-lisp/ros/arm_control/msg/_package_ArmCommandGoal.lisp, /home/ywishahy/UBCOpenRobotics/arm/devel/share/common-lisp/ros/arm_control/msg/_package_ArmCommandGoal.lisp)
Linked: (/home/ywishahy/UBCOpenRobotics/arm/devel/.private/arm_control/share/common-lisp/ros/arm_control/msg/_package_ArmCommandFeedback.lisp, /home/ywishahy/UBCOpenRobotics/arm/devel/share/common-lisp/ros/arm_control/msg/_package_ArmCommandFeedback.lisp)
Linked: (/home/ywishahy/UBCOpenRobotics/arm/devel/.private/arm_control/share/common-lisp/ros/arm_control/msg/ArmCommandActionResult.lisp, /home/ywishahy/UBCOpenRobotics/arm/devel/share/common-lisp/ros/arm_control/msg/ArmCommandActionResult.lisp)
Linked: (/home/ywishahy/UBCOpenRobotics/arm/devel/.private/arm_control/share/roseus/ros/arm_control/manifest.l, /home/ywishahy/UBCOpenRobotics/arm/devel/share/roseus/ros/arm_control/manifest.l)
Linked: (/home/ywishahy/UBCOpenRobotics/arm/devel/.private/arm_control/share/roseus/ros/arm_control/msg/ArmCommandAction.l, /home/ywishahy/UBCOpenRobotics/arm/devel/share/roseus/ros/arm_control/msg/ArmCommandAction.l)
Linked: (/home/ywishahy/UBCOpenRobotics/arm/devel/.private/arm_control/share/roseus/ros/arm_control/msg/ArmCommandActionResult.l, /home/ywishahy/UBCOpenRobotics/arm/devel/share/roseus/ros/arm_control/msg/ArmCommandActionResult.l)
Linked: (/home/ywishahy/UBCOpenRobotics/arm/devel/.private/arm_control/share/roseus/ros/arm_control/msg/ArmCommandResult.l, /home/ywishahy/UBCOpenRobotics/arm/devel/share/roseus/ros/arm_control/msg/ArmCommandResult.l)
Linked: (/home/ywishahy/UBCOpenRobotics/arm/devel/.private/arm_control/share/roseus/ros/arm_control/msg/ArmCommandGoal.l, /home/ywishahy/UBCOpenRobotics/arm/devel/share/roseus/ros/arm_control/msg/ArmCommandGoal.l)
Linked: (/home/ywishahy/UBCOpenRobotics/arm/devel/.private/arm_control/share/roseus/ros/arm_control/msg/ArmCommandActionFeedback.l, /home/ywishahy/UBCOpenRobotics/arm/devel/share/roseus/ros/arm_control/msg/ArmCommandActionFeedback.l)
Linked: (/home/ywishahy/UBCOpenRobotics/arm/devel/.private/arm_control/share/roseus/ros/arm_control/msg/ArmCommandFeedback.l, /home/ywishahy/UBCOpenRobotics/arm/devel/share/roseus/ros/arm_control/msg/ArmCommandFeedback.l)
Linked: (/home/ywishahy/UBCOpenRobotics/arm/devel/.private/arm_control/share/roseus/ros/arm_control/msg/ArmCommandActionGoal.l, /home/ywishahy/UBCOpenRobotics/arm/devel/share/roseus/ros/arm_control/msg/ArmCommandActionGoal.l)
