[35m[1mScanning dependencies of target std_msgs_generate_messages_eus[0m
[35m[1mScanning dependencies of target _arm_control_generate_messages_check_deps_ArmCommand[0m
[35m[1mScanning dependencies of target _arm_control_generate_messages_check_deps_ArmCommandActionFeedback[0m
[35m[1mScanning dependencies of target geometry_msgs_generate_messages_eus[0m
[35m[1mScanning dependencies of target _arm_control_generate_messages_check_deps_ArmCommandActionResult[0m
[35m[1mScanning dependencies of target _arm_control_generate_messages_check_deps_ArmCommandActionGoal[0m
[35m[1mScanning dependencies of target _arm_control_generate_messages_check_deps_ArmCommandResult[0m
[35m[1mScanning dependencies of target _arm_control_generate_messages_check_deps_ArmCommandFeedback[0m
[  0%] Built target geometry_msgs_generate_messages_eus
[  0%] Built target std_msgs_generate_messages_eus
[35m[1mScanning dependencies of target trajectory_msgs_generate_messages_eus[0m
[35m[1mScanning dependencies of target actionlib_msgs_generate_messages_eus[0m
[  0%] Built target trajectory_msgs_generate_messages_eus
[  0%] Built target actionlib_msgs_generate_messages_eus
[35m[1mScanning dependencies of target moveit_msgs_generate_messages_eus[0m
[  0%] Built target _arm_control_generate_messages_check_deps_ArmCommandResult
[  0%] Built target _arm_control_generate_messages_check_deps_ArmCommandActionFeedback
[  0%] Built target _arm_control_generate_messages_check_deps_ArmCommandActionResult
[35m[1mScanning dependencies of target _arm_control_generate_messages_check_deps_ArmCommandGoal[0m
[  0%] Built target _arm_control_generate_messages_check_deps_ArmCommandFeedback
[  0%] Built target _arm_control_generate_messages_check_deps_ArmCommand
[  0%] Built target _arm_control_generate_messages_check_deps_ArmCommandActionGoal
[  0%] Built target moveit_msgs_generate_messages_eus
[35m[1mScanning dependencies of target _arm_control_generate_messages_check_deps_ArmCommandAction[0m
[35m[1mScanning dependencies of target actionlib_msgs_generate_messages_py[0m
[35m[1mScanning dependencies of target geometry_msgs_generate_messages_py[0m
[35m[1mScanning dependencies of target moveit_msgs_generate_messages_py[0m
[35m[1mScanning dependencies of target std_msgs_generate_messages_py[0m
[35m[1mScanning dependencies of target trajectory_msgs_generate_messages_py[0m
[  0%] Built target actionlib_msgs_generate_messages_py
[  0%] Built target geometry_msgs_generate_messages_py
[  0%] Built target std_msgs_generate_messages_py
[35m[1mScanning dependencies of target actionlib_msgs_generate_messages_nodejs[0m
[35m[1mScanning dependencies of target trajectory_msgs_generate_messages_nodejs[0m
[  0%] Built target moveit_msgs_generate_messages_py
[35m[1mScanning dependencies of target geometry_msgs_generate_messages_nodejs[0m
[35m[1mScanning dependencies of target std_msgs_generate_messages_nodejs[0m
[  0%] Built target trajectory_msgs_generate_messages_py
[  0%] Built target actionlib_msgs_generate_messages_nodejs
[  0%] Built target trajectory_msgs_generate_messages_nodejs
[35m[1mScanning dependencies of target moveit_msgs_generate_messages_nodejs[0m
[  0%] Built target std_msgs_generate_messages_nodejs
[  0%] Built target _arm_control_generate_messages_check_deps_ArmCommandGoal
[35m[1mScanning dependencies of target trajectory_msgs_generate_messages_lisp[0m
[35m[1mScanning dependencies of target std_msgs_generate_messages_lisp[0m
[  0%] Built target geometry_msgs_generate_messages_nodejs
[35m[1mScanning dependencies of target moveit_msgs_generate_messages_lisp[0m
[  0%] Built target trajectory_msgs_generate_messages_lisp
[  0%] Built target _arm_control_generate_messages_check_deps_ArmCommandAction
[  0%] Built target moveit_msgs_generate_messages_nodejs
[35m[1mScanning dependencies of target actionlib_msgs_generate_messages_lisp[0m
[35m[1mScanning dependencies of target geometry_msgs_generate_messages_lisp[0m
[35m[1mScanning dependencies of target trajectory_msgs_generate_messages_cpp[0m
[  0%] Built target moveit_msgs_generate_messages_lisp
[35m[1mScanning dependencies of target std_msgs_generate_messages_cpp[0m
[35m[1mScanning dependencies of target geometry_msgs_generate_messages_cpp[0m
[  0%] Built target std_msgs_generate_messages_lisp
[35m[1mScanning dependencies of target moveit_msgs_generate_messages_cpp[0m
[  0%] Built target geometry_msgs_generate_messages_lisp
[  0%] Built target actionlib_msgs_generate_messages_lisp
[  0%] Built target trajectory_msgs_generate_messages_cpp
[  0%] Built target geometry_msgs_generate_messages_cpp
[35m[1mScanning dependencies of target actionlib_msgs_generate_messages_cpp[0m
[35m[1mScanning dependencies of target arm_control_generate_messages_eus[0m
[  0%] Built target moveit_msgs_generate_messages_cpp
[  0%] Built target std_msgs_generate_messages_cpp
[35m[1mScanning dependencies of target arm_control_generate_messages_py[0m
[  0%] Built target actionlib_msgs_generate_messages_cpp
[35m[1mScanning dependencies of target arm_control_generate_messages_lisp[0m
[35m[1mScanning dependencies of target arm_control_generate_messages_nodejs[0m
[  2%] [34m[1mGenerating EusLisp code from arm_control/ArmCommandAction.msg[0m
[  4%] [34m[1mGenerating EusLisp code from arm_control/ArmCommandActionGoal.msg[0m
[  6%] [34m[1mGenerating EusLisp code from arm_control/ArmCommandActionResult.msg[0m
[  9%] [34m[1mGenerating Python from MSG arm_control/ArmCommandAction[0m
[ 11%] [34m[1mGenerating EusLisp code from arm_control/ArmCommandActionFeedback.msg[0m
[35m[1mScanning dependencies of target arm_control_generate_messages_cpp[0m
[ 13%] [34m[1mGenerating Lisp code from arm_control/ArmCommandAction.msg[0m
[ 16%] [34m[1mGenerating Javascript code from arm_control/ArmCommandAction.msg[0m
[ 18%] [34m[1mGenerating C++ code from arm_control/ArmCommandAction.msg[0m
[ 23%] [34m[1mGenerating Lisp code from arm_control/ArmCommandActionGoal.msg[0m
[ 23%] [34m[1mGenerating Javascript code from arm_control/ArmCommandActionGoal.msg[0m
[ 25%] [34m[1mGenerating Lisp code from arm_control/ArmCommandActionResult.msg[0m
[ 27%] [34m[1mGenerating Lisp code from arm_control/ArmCommandActionFeedback.msg[0m
[ 30%] [34m[1mGenerating EusLisp code from arm_control/ArmCommandGoal.msg[0m
[ 32%] [34m[1mGenerating EusLisp code from arm_control/ArmCommandResult.msg[0m
[ 34%] [34m[1mGenerating EusLisp code from arm_control/ArmCommandFeedback.msg[0m
[ 37%] [34m[1mGenerating C++ code from arm_control/ArmCommandActionGoal.msg[0m
[ 39%] [34m[1mGenerating Lisp code from arm_control/ArmCommandGoal.msg[0m
[ 41%] [34m[1mGenerating Javascript code from arm_control/ArmCommandActionFeedback.msg[0m
[ 44%] [34m[1mGenerating Javascript code from arm_control/ArmCommandActionResult.msg[0m
[ 46%] [34m[1mGenerating Javascript code from arm_control/ArmCommandGoal.msg[0m
[ 48%] [34m[1mGenerating Python from MSG arm_control/ArmCommandActionGoal[0m
[ 51%] [34m[1mGenerating Lisp code from arm_control/ArmCommandResult.msg[0m
[ 53%] [34m[1mGenerating Lisp code from arm_control/ArmCommandFeedback.msg[0m
[ 55%] [34m[1mGenerating EusLisp code from arm_control/ArmCommand.srv[0m
[ 58%] [34m[1mGenerating Javascript code from arm_control/ArmCommandResult.msg[0m
[ 60%] [34m[1mGenerating Lisp code from arm_control/ArmCommand.srv[0m
[ 62%] [34m[1mGenerating C++ code from arm_control/ArmCommandActionResult.msg[0m
[ 65%] [34m[1mGenerating EusLisp manifest code for arm_control[0m
[ 67%] [34m[1mGenerating Javascript code from arm_control/ArmCommandFeedback.msg[0m
[ 69%] [34m[1mGenerating C++ code from arm_control/ArmCommandActionFeedback.msg[0m
[ 72%] [34m[1mGenerating C++ code from arm_control/ArmCommandGoal.msg[0m
[ 72%] Built target arm_control_generate_messages_lisp
[ 74%] [34m[1mGenerating Javascript code from arm_control/ArmCommand.srv[0m
[ 76%] [34m[1mGenerating Python from MSG arm_control/ArmCommandActionResult[0m
[ 79%] [34m[1mGenerating Python from MSG arm_control/ArmCommandActionFeedback[0m
[ 81%] [34m[1mGenerating Python from MSG arm_control/ArmCommandGoal[0m
[ 81%] Built target arm_control_generate_messages_nodejs
[ 83%] [34m[1mGenerating C++ code from arm_control/ArmCommandResult.msg[0m
[ 86%] [34m[1mGenerating C++ code from arm_control/ArmCommandFeedback.msg[0m
[ 88%] [34m[1mGenerating C++ code from arm_control/ArmCommand.srv[0m
[ 90%] [34m[1mGenerating Python from MSG arm_control/ArmCommandResult[0m
[ 93%] [34m[1mGenerating Python from MSG arm_control/ArmCommandFeedback[0m
[ 95%] [34m[1mGenerating Python code from SRV arm_control/ArmCommand[0m
[ 95%] Built target arm_control_generate_messages_cpp
[100%] [34m[1mGenerating Python msg __init__.py for arm_control[0m
[100%] [34m[1mGenerating Python srv __init__.py for arm_control[0m
[100%] Built target arm_control_generate_messages_py
[100%] Built target arm_control_generate_messages_eus
[35m[1mScanning dependencies of target arm_control_generate_messages[0m
[100%] Built target arm_control_generate_messages
