[  0%] Built target std_msgs_generate_messages_eus
[  0%] Built target trajectory_msgs_generate_messages_eus
[  0%] Built target actionlib_msgs_generate_messages_eus
[  0%] Built target geometry_msgs_generate_messages_eus
[  0%] Built target moveit_msgs_generate_messages_eus
[  0%] Built target _arm_control_generate_messages_check_deps_ArmCommandFeedback
[  0%] Built target _arm_control_generate_messages_check_deps_ArmCommandResult
[  0%] Built target actionlib_msgs_generate_messages_py
[  0%] Built target std_msgs_generate_messages_py
[  0%] Built target geometry_msgs_generate_messages_py
[  0%] Built target _arm_control_generate_messages_check_deps_ArmCommandActionGoal
[  0%] Built target _arm_control_generate_messages_check_deps_ArmCommandActionResult
[  0%] Built target _arm_control_generate_messages_check_deps_ArmCommandActionFeedback
[  0%] Built target _arm_control_generate_messages_check_deps_ArmCommandGoal
[  0%] Built target moveit_msgs_generate_messages_py
[  0%] Built target actionlib_msgs_generate_messages_nodejs
[  0%] Built target trajectory_msgs_generate_messages_nodejs
[  0%] Built target std_msgs_generate_messages_nodejs
[  0%] Built target _arm_control_generate_messages_check_deps_ArmCommandAction
[  0%] Built target trajectory_msgs_generate_messages_lisp
[  0%] Built target geometry_msgs_generate_messages_nodejs
[  0%] Built target trajectory_msgs_generate_messages_py
[  0%] Built target moveit_msgs_generate_messages_nodejs
[  0%] Built target geometry_msgs_generate_messages_cpp
[  0%] Built target geometry_msgs_generate_messages_lisp
[  0%] Built target moveit_msgs_generate_messages_lisp
[  0%] Built target std_msgs_generate_messages_lisp
[  0%] Built target trajectory_msgs_generate_messages_cpp
[  0%] Built target actionlib_msgs_generate_messages_lisp
[  0%] Built target std_msgs_generate_messages_cpp
[  0%] Built target moveit_msgs_generate_messages_cpp
[  0%] Built target actionlib_msgs_generate_messages_cpp
[ 21%] Built target arm_control_generate_messages_eus
[ 43%] Built target arm_control_generate_messages_py
[ 62%] Built target arm_control_generate_messages_nodejs
[ 81%] Built target arm_control_generate_messages_lisp
[100%] Built target arm_control_generate_messages_cpp
[100%] Built target arm_control_generate_messages
